2025-08-08 05:19:25.683 [main] INFO  c.v.k.e.EmbeddedDocumentApplication - Starting EmbeddedDocumentApplication v1.0.0 using Java 21.0.7 with PID 11772 (/workspace/vgs-application/embedded-document/target/embedded-document-pattern-1.0.0.jar started by ubuntu in /workspace)
2025-08-08 05:19:25.685 [main] INFO  c.v.k.e.EmbeddedDocumentApplication - No active profile set, falling back to 1 default profile: "default"
2025-08-08 05:19:26.669 [main] INFO  o.a.c.c.StandardService - Starting service [Tomcat]
2025-08-08 05:19:26.669 [main] INFO  o.a.c.c.StandardEngine - Starting Servlet engine: [Apache Tomcat/10.1.20]
2025-08-08 05:19:26.690 [main] INFO  o.a.c.c.C.[.[.[/] - Initializing Spring embedded WebApplicationContext
2025-08-08 05:19:26.790 [main] WARN  o.s.b.w.s.c.AnnotationConfigServletWebServerApplicationContext - Exception encountered during context initialization - cancelling refresh attempt: org.springframework.beans.factory.UnsatisfiedDependencyException: Error creating bean with name 'couchbaseMetricsConfig' defined in URL [jar:nested:/workspace/vgs-application/embedded-document/target/embedded-document-pattern-1.0.0.jar/!BOOT-INF/classes/!/com/vgs/kvpoc/embedded/config/CouchbaseMetricsConfig.class]: Unsatisfied dependency expressed through constructor parameter 1: Error creating bean with name 'couchbaseConnectionManager' defined in URL [jar:nested:/workspace/vgs-application/embedded-document/target/embedded-document-pattern-1.0.0.jar/!BOOT-INF/classes/!/com/vgs/kvpoc/embedded/service/CouchbaseConnectionManager.class]: Unsatisfied dependency expressed through constructor parameter 0: Error creating bean with name 'simpleCouchbaseConfig': Injection of autowired dependencies failed
2025-08-08 05:19:26.792 [main] INFO  o.a.c.c.StandardService - Stopping service [Tomcat]
2025-08-08 05:19:26.831 [main] ERROR o.s.b.SpringApplication - Application run failed
org.springframework.beans.factory.UnsatisfiedDependencyException: Error creating bean with name 'couchbaseMetricsConfig' defined in URL [jar:nested:/workspace/vgs-application/embedded-document/target/embedded-document-pattern-1.0.0.jar/!BOOT-INF/classes/!/com/vgs/kvpoc/embedded/config/CouchbaseMetricsConfig.class]: Unsatisfied dependency expressed through constructor parameter 1: Error creating bean with name 'couchbaseConnectionManager' defined in URL [jar:nested:/workspace/vgs-application/embedded-document/target/embedded-document-pattern-1.0.0.jar/!BOOT-INF/classes/!/com/vgs/kvpoc/embedded/service/CouchbaseConnectionManager.class]: Unsatisfied dependency expressed through constructor parameter 0: Error creating bean with name 'simpleCouchbaseConfig': Injection of autowired dependencies failed
	at org.springframework.beans.factory.support.ConstructorResolver.createArgumentArray(ConstructorResolver.java:795)
	at org.springframework.beans.factory.support.ConstructorResolver.autowireConstructor(ConstructorResolver.java:237)
	at org.springframework.beans.factory.support.AbstractAutowireCapableBeanFactory.autowireConstructor(AbstractAutowireCapableBeanFactory.java:1355)
	at org.springframework.beans.factory.support.AbstractAutowireCapableBeanFactory.createBeanInstance(AbstractAutowireCapableBeanFactory.java:1192)
	at org.springframework.beans.factory.support.AbstractAutowireCapableBeanFactory.doCreateBean(AbstractAutowireCapableBeanFactory.java:562)
	at org.springframework.beans.factory.support.AbstractAutowireCapableBeanFactory.createBean(AbstractAutowireCapableBeanFactory.java:522)
	at org.springframework.beans.factory.support.AbstractBeanFactory.lambda$doGetBean$0(AbstractBeanFactory.java:326)
	at org.springframework.beans.factory.support.DefaultSingletonBeanRegistry.getSingleton(DefaultSingletonBeanRegistry.java:234)
	at org.springframework.beans.factory.support.AbstractBeanFactory.doGetBean(AbstractBeanFactory.java:324)
	at org.springframework.beans.factory.support.AbstractBeanFactory.getBean(AbstractBeanFactory.java:200)
	at org.springframework.beans.factory.support.DefaultListableBeanFactory.preInstantiateSingletons(DefaultListableBeanFactory.java:975)
	at org.springframework.context.support.AbstractApplicationContext.finishBeanFactoryInitialization(AbstractApplicationContext.java:962)
	at org.springframework.context.support.AbstractApplicationContext.refresh(AbstractApplicationContext.java:624)
	at org.springframework.boot.web.servlet.context.ServletWebServerApplicationContext.refresh(ServletWebServerApplicationContext.java:146)
	at org.springframework.boot.SpringApplication.refresh(SpringApplication.java:754)
	at org.springframework.boot.SpringApplication.refreshContext(SpringApplication.java:456)
	at org.springframework.boot.SpringApplication.run(SpringApplication.java:334)
	at org.springframework.boot.SpringApplication.run(SpringApplication.java:1354)
	at org.springframework.boot.SpringApplication.run(SpringApplication.java:1343)
	at com.vgs.kvpoc.embedded.EmbeddedDocumentApplication.main(EmbeddedDocumentApplication.java:120)
	at java.base/jdk.internal.reflect.DirectMethodHandleAccessor.invoke(DirectMethodHandleAccessor.java:103)
	at java.base/java.lang.reflect.Method.invoke(Method.java:580)
	at org.springframework.boot.loader.launch.Launcher.launch(Launcher.java:91)
	at org.springframework.boot.loader.launch.Launcher.launch(Launcher.java:53)
	at org.springframework.boot.loader.launch.JarLauncher.main(JarLauncher.java:58)
Caused by: org.springframework.beans.factory.UnsatisfiedDependencyException: Error creating bean with name 'couchbaseConnectionManager' defined in URL [jar:nested:/workspace/vgs-application/embedded-document/target/embedded-document-pattern-1.0.0.jar/!BOOT-INF/classes/!/com/vgs/kvpoc/embedded/service/CouchbaseConnectionManager.class]: Unsatisfied dependency expressed through constructor parameter 0: Error creating bean with name 'simpleCouchbaseConfig': Injection of autowired dependencies failed
	at org.springframework.beans.factory.support.ConstructorResolver.createArgumentArray(ConstructorResolver.java:795)
	at org.springframework.beans.factory.support.ConstructorResolver.autowireConstructor(ConstructorResolver.java:237)
	at org.springframework.beans.factory.support.AbstractAutowireCapableBeanFactory.autowireConstructor(AbstractAutowireCapableBeanFactory.java:1355)
	at org.springframework.beans.factory.support.AbstractAutowireCapableBeanFactory.createBeanInstance(AbstractAutowireCapableBeanFactory.java:1192)
	at org.springframework.beans.factory.support.AbstractAutowireCapableBeanFactory.doCreateBean(AbstractAutowireCapableBeanFactory.java:562)
	at org.springframework.beans.factory.support.AbstractAutowireCapableBeanFactory.createBean(AbstractAutowireCapableBeanFactory.java:522)
	at org.springframework.beans.factory.support.AbstractBeanFactory.lambda$doGetBean$0(AbstractBeanFactory.java:326)
	at org.springframework.beans.factory.support.DefaultSingletonBeanRegistry.getSingleton(DefaultSingletonBeanRegistry.java:234)
	at org.springframework.beans.factory.support.AbstractBeanFactory.doGetBean(AbstractBeanFactory.java:324)
	at org.springframework.beans.factory.support.AbstractBeanFactory.getBean(AbstractBeanFactory.java:200)
	at org.springframework.beans.factory.config.DependencyDescriptor.resolveCandidate(DependencyDescriptor.java:254)
	at org.springframework.beans.factory.support.DefaultListableBeanFactory.doResolveDependency(DefaultListableBeanFactory.java:1443)
	at org.springframework.beans.factory.support.DefaultListableBeanFactory.resolveDependency(DefaultListableBeanFactory.java:1353)
	at org.springframework.beans.factory.support.ConstructorResolver.resolveAutowiredArgument(ConstructorResolver.java:904)
	at org.springframework.beans.factory.support.ConstructorResolver.createArgumentArray(ConstructorResolver.java:782)
	... 24 common frames omitted
Caused by: org.springframework.beans.factory.BeanCreationException: Error creating bean with name 'simpleCouchbaseConfig': Injection of autowired dependencies failed
	at org.springframework.beans.factory.annotation.AutowiredAnnotationBeanPostProcessor.postProcessProperties(AutowiredAnnotationBeanPostProcessor.java:514)
	at org.springframework.beans.factory.support.AbstractAutowireCapableBeanFactory.populateBean(AbstractAutowireCapableBeanFactory.java:1419)
	at org.springframework.beans.factory.support.AbstractAutowireCapableBeanFactory.doCreateBean(AbstractAutowireCapableBeanFactory.java:599)
	at org.springframework.beans.factory.support.AbstractAutowireCapableBeanFactory.createBean(AbstractAutowireCapableBeanFactory.java:522)
	at org.springframework.beans.factory.support.AbstractBeanFactory.lambda$doGetBean$0(AbstractBeanFactory.java:326)
	at org.springframework.beans.factory.support.DefaultSingletonBeanRegistry.getSingleton(DefaultSingletonBeanRegistry.java:234)
	at org.springframework.beans.factory.support.AbstractBeanFactory.doGetBean(AbstractBeanFactory.java:324)
	at org.springframework.beans.factory.support.AbstractBeanFactory.getBean(AbstractBeanFactory.java:200)
	at org.springframework.beans.factory.support.ConstructorResolver.instantiateUsingFactoryMethod(ConstructorResolver.java:409)
	at org.springframework.beans.factory.support.AbstractAutowireCapableBeanFactory.instantiateUsingFactoryMethod(AbstractAutowireCapableBeanFactory.java:1335)
	at org.springframework.beans.factory.support.AbstractAutowireCapableBeanFactory.createBeanInstance(AbstractAutowireCapableBeanFactory.java:1165)
	at org.springframework.beans.factory.support.AbstractAutowireCapableBeanFactory.doCreateBean(AbstractAutowireCapableBeanFactory.java:562)
	at org.springframework.beans.factory.support.AbstractAutowireCapableBeanFactory.createBean(AbstractAutowireCapableBeanFactory.java:522)
	at org.springframework.beans.factory.support.AbstractBeanFactory.lambda$doGetBean$0(AbstractBeanFactory.java:326)
	at org.springframework.beans.factory.support.DefaultSingletonBeanRegistry.getSingleton(DefaultSingletonBeanRegistry.java:234)
	at org.springframework.beans.factory.support.AbstractBeanFactory.doGetBean(AbstractBeanFactory.java:324)
	at org.springframework.beans.factory.support.AbstractBeanFactory.getBean(AbstractBeanFactory.java:200)
	at org.springframework.beans.factory.config.DependencyDescriptor.resolveCandidate(DependencyDescriptor.java:254)
	at org.springframework.beans.factory.support.DefaultListableBeanFactory.doResolveDependency(DefaultListableBeanFactory.java:1443)
	at org.springframework.beans.factory.support.DefaultListableBeanFactory.resolveDependency(DefaultListableBeanFactory.java:1353)
	at org.springframework.beans.factory.support.ConstructorResolver.resolveAutowiredArgument(ConstructorResolver.java:904)
	at org.springframework.beans.factory.support.ConstructorResolver.createArgumentArray(ConstructorResolver.java:782)
	... 38 common frames omitted
Caused by: java.lang.IllegalArgumentException: Could not resolve placeholder 'couchbase.connection-string' in value "${couchbase.connection-string}"
	at org.springframework.util.PropertyPlaceholderHelper.parseStringValue(PropertyPlaceholderHelper.java:180)
	at org.springframework.util.PropertyPlaceholderHelper.replacePlaceholders(PropertyPlaceholderHelper.java:126)
	at org.springframework.core.env.AbstractPropertyResolver.doResolvePlaceholders(AbstractPropertyResolver.java:239)
	at org.springframework.core.env.AbstractPropertyResolver.resolveRequiredPlaceholders(AbstractPropertyResolver.java:210)
	at org.springframework.context.support.PropertySourcesPlaceholderConfigurer.lambda$processProperties$0(PropertySourcesPlaceholderConfigurer.java:200)
	at org.springframework.beans.factory.support.AbstractBeanFactory.resolveEmbeddedValue(AbstractBeanFactory.java:953)
	at org.springframework.beans.factory.support.DefaultListableBeanFactory.doResolveDependency(DefaultListableBeanFactory.java:1374)
	at org.springframework.beans.factory.support.DefaultListableBeanFactory.resolveDependency(DefaultListableBeanFactory.java:1353)
	at org.springframework.beans.factory.annotation.AutowiredAnnotationBeanPostProcessor$AutowiredFieldElement.resolveFieldValue(AutowiredAnnotationBeanPostProcessor.java:784)
	at org.springframework.beans.factory.annotation.AutowiredAnnotationBeanPostProcessor$AutowiredFieldElement.inject(AutowiredAnnotationBeanPostProcessor.java:767)
	at org.springframework.beans.factory.annotation.InjectionMetadata.inject(InjectionMetadata.java:145)
	at org.springframework.beans.factory.annotation.AutowiredAnnotationBeanPostProcessor.postProcessProperties(AutowiredAnnotationBeanPostProcessor.java:508)
	... 59 common frames omitted
2025-08-08 05:23:02.370 [main] INFO  c.v.k.i.TransactionIndexApplication - Starting TransactionIndexApplication v1.0.0 using Java 21.0.7 with PID 15426 (/workspace/vgs-application/transaction-index/target/transaction-index-pattern-1.0.0.jar started by ubuntu in /workspace)
2025-08-08 05:23:02.371 [main] INFO  c.v.k.i.TransactionIndexApplication - No active profile set, falling back to 1 default profile: "default"
2025-08-08 05:23:03.460 [main] INFO  o.a.c.c.StandardService - Starting service [Tomcat]
2025-08-08 05:23:03.461 [main] INFO  o.a.c.c.StandardEngine - Starting Servlet engine: [Apache Tomcat/10.1.20]
2025-08-08 05:23:03.481 [main] INFO  o.a.c.c.C.[.[.[/] - Initializing Spring embedded WebApplicationContext
2025-08-08 05:23:03.822 [main] WARN  o.s.b.w.s.c.AnnotationConfigServletWebServerApplicationContext - Exception encountered during context initialization - cancelling refresh attempt: org.springframework.beans.factory.UnsatisfiedDependencyException: Error creating bean with name 'atomicController': Unsatisfied dependency expressed through field 'atomicService': Error creating bean with name 'indexAtomicService': Unsatisfied dependency expressed through field 'bucket': Error creating bean with name 'couchbaseBucket' defined in class path resource [com/vgs/kvpoc/index/config/SimpleCouchbaseConfig.class]: Unsatisfied dependency expressed through method 'couchbaseBucket' parameter 0: Error creating bean with name 'couchbaseCluster' defined in class path resource [com/vgs/kvpoc/index/config/SimpleCouchbaseConfig.class]: Failed to instantiate [com.couchbase.client.java.Cluster]: Factory method 'couchbaseCluster' threw exception with message: Username cannot be null or empty
2025-08-08 05:23:03.858 [main] INFO  o.a.c.c.StandardService - Stopping service [Tomcat]
2025-08-08 05:23:03.888 [main] ERROR o.s.b.SpringApplication - Application run failed
org.springframework.beans.factory.UnsatisfiedDependencyException: Error creating bean with name 'atomicController': Unsatisfied dependency expressed through field 'atomicService': Error creating bean with name 'indexAtomicService': Unsatisfied dependency expressed through field 'bucket': Error creating bean with name 'couchbaseBucket' defined in class path resource [com/vgs/kvpoc/index/config/SimpleCouchbaseConfig.class]: Unsatisfied dependency expressed through method 'couchbaseBucket' parameter 0: Error creating bean with name 'couchbaseCluster' defined in class path resource [com/vgs/kvpoc/index/config/SimpleCouchbaseConfig.class]: Failed to instantiate [com.couchbase.client.java.Cluster]: Factory method 'couchbaseCluster' threw exception with message: Username cannot be null or empty
	at org.springframework.beans.factory.annotation.AutowiredAnnotationBeanPostProcessor$AutowiredFieldElement.resolveFieldValue(AutowiredAnnotationBeanPostProcessor.java:787)
	at org.springframework.beans.factory.annotation.AutowiredAnnotationBeanPostProcessor$AutowiredFieldElement.inject(AutowiredAnnotationBeanPostProcessor.java:767)
	at org.springframework.beans.factory.annotation.InjectionMetadata.inject(InjectionMetadata.java:145)
	at org.springframework.beans.factory.annotation.AutowiredAnnotationBeanPostProcessor.postProcessProperties(AutowiredAnnotationBeanPostProcessor.java:508)
	at org.springframework.beans.factory.support.AbstractAutowireCapableBeanFactory.populateBean(AbstractAutowireCapableBeanFactory.java:1419)
	at org.springframework.beans.factory.support.AbstractAutowireCapableBeanFactory.doCreateBean(AbstractAutowireCapableBeanFactory.java:599)
	at org.springframework.beans.factory.support.AbstractAutowireCapableBeanFactory.createBean(AbstractAutowireCapableBeanFactory.java:522)
	at org.springframework.beans.factory.support.AbstractBeanFactory.lambda$doGetBean$0(AbstractBeanFactory.java:326)
	at org.springframework.beans.factory.support.DefaultSingletonBeanRegistry.getSingleton(DefaultSingletonBeanRegistry.java:234)
	at org.springframework.beans.factory.support.AbstractBeanFactory.doGetBean(AbstractBeanFactory.java:324)
	at org.springframework.beans.factory.support.AbstractBeanFactory.getBean(AbstractBeanFactory.java:200)
	at org.springframework.beans.factory.support.DefaultListableBeanFactory.preInstantiateSingletons(DefaultListableBeanFactory.java:975)
	at org.springframework.context.support.AbstractApplicationContext.finishBeanFactoryInitialization(AbstractApplicationContext.java:962)
	at org.springframework.context.support.AbstractApplicationContext.refresh(AbstractApplicationContext.java:624)
	at org.springframework.boot.web.servlet.context.ServletWebServerApplicationContext.refresh(ServletWebServerApplicationContext.java:146)
	at org.springframework.boot.SpringApplication.refresh(SpringApplication.java:754)
	at org.springframework.boot.SpringApplication.refreshContext(SpringApplication.java:456)
	at org.springframework.boot.SpringApplication.run(SpringApplication.java:334)
	at org.springframework.boot.SpringApplication.run(SpringApplication.java:1354)
	at org.springframework.boot.SpringApplication.run(SpringApplication.java:1343)
	at com.vgs.kvpoc.index.TransactionIndexApplication.main(TransactionIndexApplication.java:78)
	at java.base/jdk.internal.reflect.DirectMethodHandleAccessor.invoke(DirectMethodHandleAccessor.java:103)
	at java.base/java.lang.reflect.Method.invoke(Method.java:580)
	at org.springframework.boot.loader.launch.Launcher.launch(Launcher.java:91)
	at org.springframework.boot.loader.launch.Launcher.launch(Launcher.java:53)
	at org.springframework.boot.loader.launch.JarLauncher.main(JarLauncher.java:58)
Caused by: org.springframework.beans.factory.UnsatisfiedDependencyException: Error creating bean with name 'indexAtomicService': Unsatisfied dependency expressed through field 'bucket': Error creating bean with name 'couchbaseBucket' defined in class path resource [com/vgs/kvpoc/index/config/SimpleCouchbaseConfig.class]: Unsatisfied dependency expressed through method 'couchbaseBucket' parameter 0: Error creating bean with name 'couchbaseCluster' defined in class path resource [com/vgs/kvpoc/index/config/SimpleCouchbaseConfig.class]: Failed to instantiate [com.couchbase.client.java.Cluster]: Factory method 'couchbaseCluster' threw exception with message: Username cannot be null or empty
	at org.springframework.beans.factory.annotation.AutowiredAnnotationBeanPostProcessor$AutowiredFieldElement.resolveFieldValue(AutowiredAnnotationBeanPostProcessor.java:787)
	at org.springframework.beans.factory.annotation.AutowiredAnnotationBeanPostProcessor$AutowiredFieldElement.inject(AutowiredAnnotationBeanPostProcessor.java:767)
	at org.springframework.beans.factory.annotation.InjectionMetadata.inject(InjectionMetadata.java:145)
	at org.springframework.beans.factory.annotation.AutowiredAnnotationBeanPostProcessor.postProcessProperties(AutowiredAnnotationBeanPostProcessor.java:508)
	at org.springframework.beans.factory.support.AbstractAutowireCapableBeanFactory.populateBean(AbstractAutowireCapableBeanFactory.java:1419)
	at org.springframework.beans.factory.support.AbstractAutowireCapableBeanFactory.doCreateBean(AbstractAutowireCapableBeanFactory.java:599)
	at org.springframework.beans.factory.support.AbstractAutowireCapableBeanFactory.createBean(AbstractAutowireCapableBeanFactory.java:522)
	at org.springframework.beans.factory.support.AbstractBeanFactory.lambda$doGetBean$0(AbstractBeanFactory.java:326)
	at org.springframework.beans.factory.support.DefaultSingletonBeanRegistry.getSingleton(DefaultSingletonBeanRegistry.java:234)
	at org.springframework.beans.factory.support.AbstractBeanFactory.doGetBean(AbstractBeanFactory.java:324)
	at org.springframework.beans.factory.support.AbstractBeanFactory.getBean(AbstractBeanFactory.java:200)
	at org.springframework.beans.factory.config.DependencyDescriptor.resolveCandidate(DependencyDescriptor.java:254)
	at org.springframework.beans.factory.support.DefaultListableBeanFactory.doResolveDependency(DefaultListableBeanFactory.java:1443)
	at org.springframework.beans.factory.support.DefaultListableBeanFactory.resolveDependency(DefaultListableBeanFactory.java:1353)
	at org.springframework.beans.factory.annotation.AutowiredAnnotationBeanPostProcessor$AutowiredFieldElement.resolveFieldValue(AutowiredAnnotationBeanPostProcessor.java:784)
	... 25 common frames omitted
Caused by: org.springframework.beans.factory.UnsatisfiedDependencyException: Error creating bean with name 'couchbaseBucket' defined in class path resource [com/vgs/kvpoc/index/config/SimpleCouchbaseConfig.class]: Unsatisfied dependency expressed through method 'couchbaseBucket' parameter 0: Error creating bean with name 'couchbaseCluster' defined in class path resource [com/vgs/kvpoc/index/config/SimpleCouchbaseConfig.class]: Failed to instantiate [com.couchbase.client.java.Cluster]: Factory method 'couchbaseCluster' threw exception with message: Username cannot be null or empty
	at org.springframework.beans.factory.support.ConstructorResolver.createArgumentArray(ConstructorResolver.java:795)
	at org.springframework.beans.factory.support.ConstructorResolver.instantiateUsingFactoryMethod(ConstructorResolver.java:542)
	at org.springframework.beans.factory.support.AbstractAutowireCapableBeanFactory.instantiateUsingFactoryMethod(AbstractAutowireCapableBeanFactory.java:1335)
	at org.springframework.beans.factory.support.AbstractAutowireCapableBeanFactory.createBeanInstance(AbstractAutowireCapableBeanFactory.java:1165)
	at org.springframework.beans.factory.support.AbstractAutowireCapableBeanFactory.doCreateBean(AbstractAutowireCapableBeanFactory.java:562)
	at org.springframework.beans.factory.support.AbstractAutowireCapableBeanFactory.createBean(AbstractAutowireCapableBeanFactory.java:522)
	at org.springframework.beans.factory.support.AbstractBeanFactory.lambda$doGetBean$0(AbstractBeanFactory.java:326)
	at org.springframework.beans.factory.support.DefaultSingletonBeanRegistry.getSingleton(DefaultSingletonBeanRegistry.java:234)
	at org.springframework.beans.factory.support.AbstractBeanFactory.doGetBean(AbstractBeanFactory.java:324)
	at org.springframework.beans.factory.support.AbstractBeanFactory.getBean(AbstractBeanFactory.java:200)
	at org.springframework.beans.factory.config.DependencyDescriptor.resolveCandidate(DependencyDescriptor.java:254)
	at org.springframework.beans.factory.support.DefaultListableBeanFactory.doResolveDependency(DefaultListableBeanFactory.java:1443)
	at org.springframework.beans.factory.support.DefaultListableBeanFactory.resolveDependency(DefaultListableBeanFactory.java:1353)
	at org.springframework.beans.factory.annotation.AutowiredAnnotationBeanPostProcessor$AutowiredFieldElement.resolveFieldValue(AutowiredAnnotationBeanPostProcessor.java:784)
	... 39 common frames omitted
Caused by: org.springframework.beans.factory.BeanCreationException: Error creating bean with name 'couchbaseCluster' defined in class path resource [com/vgs/kvpoc/index/config/SimpleCouchbaseConfig.class]: Failed to instantiate [com.couchbase.client.java.Cluster]: Factory method 'couchbaseCluster' threw exception with message: Username cannot be null or empty
	at org.springframework.beans.factory.support.ConstructorResolver.instantiate(ConstructorResolver.java:648)
	at org.springframework.beans.factory.support.ConstructorResolver.instantiateUsingFactoryMethod(ConstructorResolver.java:636)
	at org.springframework.beans.factory.support.AbstractAutowireCapableBeanFactory.instantiateUsingFactoryMethod(AbstractAutowireCapableBeanFactory.java:1335)
	at org.springframework.beans.factory.support.AbstractAutowireCapableBeanFactory.createBeanInstance(AbstractAutowireCapableBeanFactory.java:1165)
	at org.springframework.beans.factory.support.AbstractAutowireCapableBeanFactory.doCreateBean(AbstractAutowireCapableBeanFactory.java:562)
	at org.springframework.beans.factory.support.AbstractAutowireCapableBeanFactory.createBean(AbstractAutowireCapableBeanFactory.java:522)
	at org.springframework.beans.factory.support.AbstractBeanFactory.lambda$doGetBean$0(AbstractBeanFactory.java:326)
	at org.springframework.beans.factory.support.DefaultSingletonBeanRegistry.getSingleton(DefaultSingletonBeanRegistry.java:234)
	at org.springframework.beans.factory.support.AbstractBeanFactory.doGetBean(AbstractBeanFactory.java:324)
	at org.springframework.beans.factory.support.AbstractBeanFactory.getBean(AbstractBeanFactory.java:200)
	at org.springframework.beans.factory.config.DependencyDescriptor.resolveCandidate(DependencyDescriptor.java:254)
	at org.springframework.beans.factory.support.DefaultListableBeanFactory.doResolveDependency(DefaultListableBeanFactory.java:1443)
	at org.springframework.beans.factory.support.DefaultListableBeanFactory.resolveDependency(DefaultListableBeanFactory.java:1353)
	at org.springframework.beans.factory.support.ConstructorResolver.resolveAutowiredArgument(ConstructorResolver.java:904)
	at org.springframework.beans.factory.support.ConstructorResolver.createArgumentArray(ConstructorResolver.java:782)
	... 52 common frames omitted
Caused by: org.springframework.beans.BeanInstantiationException: Failed to instantiate [com.couchbase.client.java.Cluster]: Factory method 'couchbaseCluster' threw exception with message: Username cannot be null or empty
	at org.springframework.beans.factory.support.SimpleInstantiationStrategy.instantiate(SimpleInstantiationStrategy.java:177)
	at org.springframework.beans.factory.support.ConstructorResolver.instantiate(ConstructorResolver.java:644)
	... 66 common frames omitted
Caused by: com.couchbase.client.core.error.InvalidArgumentException: Username cannot be null or empty
	at com.couchbase.client.core.error.InvalidArgumentException.fromMessage(InvalidArgumentException.java:28)
	at com.couchbase.client.core.util.Validators.notNullOrEmpty(Validators.java:72)
	at com.couchbase.client.java.ClusterOptions.clusterOptions(ClusterOptions.java:48)
	at com.vgs.kvpoc.index.config.SimpleCouchbaseConfig.couchbaseCluster(SimpleCouchbaseConfig.java:140)
	at com.vgs.kvpoc.index.config.SimpleCouchbaseConfig$$SpringCGLIB$$0.CGLIB$couchbaseCluster$3(<generated>)
	at com.vgs.kvpoc.index.config.SimpleCouchbaseConfig$$SpringCGLIB$$FastClass$$1.invoke(<generated>)
	at org.springframework.cglib.proxy.MethodProxy.invokeSuper(MethodProxy.java:258)
	at org.springframework.context.annotation.ConfigurationClassEnhancer$BeanMethodInterceptor.intercept(ConfigurationClassEnhancer.java:331)
	at com.vgs.kvpoc.index.config.SimpleCouchbaseConfig$$SpringCGLIB$$0.couchbaseCluster(<generated>)
	at java.base/jdk.internal.reflect.DirectMethodHandleAccessor.invoke(DirectMethodHandleAccessor.java:103)
	at java.base/java.lang.reflect.Method.invoke(Method.java:580)
	at org.springframework.beans.factory.support.SimpleInstantiationStrategy.instantiate(SimpleInstantiationStrategy.java:140)
	... 67 common frames omitted
2025-08-08 05:28:41.897 [main] INFO  c.v.k.i.TransactionIndexApplication - Starting TransactionIndexApplication v1.0.0 using Java 21.0.7 with PID 19415 (/workspace/vgs-application/transaction-index/target/transaction-index-pattern-1.0.0.jar started by ubuntu in /workspace)
2025-08-08 05:28:41.899 [main] INFO  c.v.k.i.TransactionIndexApplication - No active profile set, falling back to 1 default profile: "default"
2025-08-08 05:28:42.968 [main] INFO  o.a.c.c.StandardService - Starting service [Tomcat]
2025-08-08 05:28:42.968 [main] INFO  o.a.c.c.StandardEngine - Starting Servlet engine: [Apache Tomcat/10.1.20]
2025-08-08 05:28:43.001 [main] INFO  o.a.c.c.C.[.[.[/] - Initializing Spring embedded WebApplicationContext
2025-08-08 05:28:45.069 [cb-events] WARN  c.couchbase.config - [com.couchbase.config][CollectionMapRefreshFailedEvent][1509ms] Collection Map refresh (CollectionIdentifier{bucket='transaction_index', scope=_default, collection=game_rounds, isDefault=false}) failed: FAILED {"coreId":"0x8ea449ab00000001"}
com.couchbase.client.core.error.UnambiguousTimeoutException: GetCollectionIdRequest, Reason: TIMEOUT {"cancelled":true,"completed":true,"coreId":"0x8ea449ab00000001","idempotent":true,"reason":"TIMEOUT","requestId":1,"requestType":"GetCollectionIdRequest","retried":12,"retryReasons":["BUCKET_OPEN_IN_PROGRESS"],"service":{"bucket":"transaction_index","collection":"game_rounds","opaque":"0x0","scope":"_default","type":"kv","vbucket":0},"timeoutMs":1500}
2025-08-08 05:28:45.071 [cb-events] WARN  c.couchbase.config - [com.couchbase.config][CollectionMapRefreshFailedEvent][1501ms] Collection Map refresh (CollectionIdentifier{bucket='transaction_index', scope=_default, collection=game_transactions, isDefault=false}) failed: FAILED {"coreId":"0x8ea449ab00000001"}
com.couchbase.client.core.error.UnambiguousTimeoutException: GetCollectionIdRequest, Reason: TIMEOUT {"cancelled":true,"completed":true,"coreId":"0x8ea449ab00000001","idempotent":true,"reason":"TIMEOUT","requestId":2,"requestType":"GetCollectionIdRequest","retried":12,"retryReasons":["BUCKET_OPEN_IN_PROGRESS"],"service":{"bucket":"transaction_index","collection":"game_transactions","opaque":"0x1","scope":"_default","type":"kv","vbucket":0},"timeoutMs":1500}
2025-08-08 05:28:46.212 [main] INFO  c.v.k.i.s.CouchbaseConnectionManager - ✅ Optimized Couchbase cluster connection established for bucket: transaction_index
2025-08-08 05:28:47.156 [main] INFO  c.v.k.i.c.CouchbaseNativeCacheManager - Initialized Couchbase Native Cache Manager
2025-08-08 05:28:47.651 [main] INFO  c.v.k.i.TransactionIndexApplication - Started TransactionIndexApplication in 6.268 seconds (process running for 6.625)
2025-08-08 05:29:01.060 [http-nio-0.0.0.0-5300-exec-1] INFO  o.a.c.c.C.[.[.[/] - Initializing Spring DispatcherServlet 'dispatcherServlet'
2025-08-08 05:29:01.242 [SpringApplicationShutdownHook] INFO  c.v.k.i.s.CouchbaseConnectionManager - 🔌 Couchbase cluster disconnected
2025-08-08 05:29:16.813 [main] INFO  c.v.k.e.EmbeddedDocumentApplication - Starting EmbeddedDocumentApplication v1.0.0 using Java 21.0.7 with PID 20078 (/workspace/vgs-application/embedded-document/target/embedded-document-pattern-1.0.0.jar started by ubuntu in /workspace)
2025-08-08 05:29:16.815 [main] INFO  c.v.k.e.EmbeddedDocumentApplication - No active profile set, falling back to 1 default profile: "default"
2025-08-08 05:29:17.689 [main] INFO  o.a.c.c.StandardService - Starting service [Tomcat]
2025-08-08 05:29:17.689 [main] INFO  o.a.c.c.StandardEngine - Starting Servlet engine: [Apache Tomcat/10.1.20]
2025-08-08 05:29:17.711 [main] INFO  o.a.c.c.C.[.[.[/] - Initializing Spring embedded WebApplicationContext
2025-08-08 05:29:21.416 [main] INFO  c.v.k.e.s.CouchbaseConnectionManager - ✅ Optimized Couchbase cluster connection established for bucket: embedded_document
2025-08-08 05:29:21.452 [main] INFO  c.v.k.e.s.EmbeddedGameService - Initialized EmbeddedGameService with optimized connection management
2025-08-08 05:29:21.471 [main] INFO  c.v.k.e.c.CouchbaseNativeCacheManager - Initialized Couchbase Native Cache Manager
2025-08-08 05:29:21.825 [main] INFO  c.v.k.e.EmbeddedDocumentApplication - Started EmbeddedDocumentApplication in 5.398 seconds (process running for 5.676)
2025-08-08 05:29:41.196 [http-nio-0.0.0.0-5100-exec-1] INFO  o.a.c.c.C.[.[.[/] - Initializing Spring DispatcherServlet 'dispatcherServlet'
2025-08-08 05:29:41.366 [SpringApplicationShutdownHook] INFO  c.v.k.e.s.CouchbaseConnectionManager - 🔌 Couchbase cluster disconnected
2025-08-08 05:29:48.166 [main] INFO  c.v.k.e.EmbeddedDocumentApplication - Starting EmbeddedDocumentApplication v1.0.0 using Java 21.0.7 with PID 20781 (/workspace/vgs-application/embedded-document/target/embedded-document-pattern-1.0.0.jar started by ubuntu in /workspace)
2025-08-08 05:29:48.173 [main] INFO  c.v.k.e.EmbeddedDocumentApplication - No active profile set, falling back to 1 default profile: "default"
2025-08-08 05:29:49.386 [main] INFO  o.a.c.c.StandardService - Starting service [Tomcat]
2025-08-08 05:29:49.387 [main] INFO  o.a.c.c.StandardEngine - Starting Servlet engine: [Apache Tomcat/10.1.20]
2025-08-08 05:29:49.418 [main] INFO  o.a.c.c.C.[.[.[/] - Initializing Spring embedded WebApplicationContext
2025-08-08 05:29:53.434 [main] INFO  c.v.k.e.s.CouchbaseConnectionManager - ✅ Optimized Couchbase cluster connection established for bucket: embedded_document
2025-08-08 05:29:53.489 [main] INFO  c.v.k.e.s.EmbeddedGameService - Initialized EmbeddedGameService with optimized connection management
2025-08-08 05:29:53.518 [main] INFO  c.v.k.e.c.CouchbaseNativeCacheManager - Initialized Couchbase Native Cache Manager
2025-08-08 05:29:53.986 [main] INFO  c.v.k.e.EmbeddedDocumentApplication - Started EmbeddedDocumentApplication in 6.313 seconds (process running for 6.713)
2025-08-08 05:30:12.339 [http-nio-0.0.0.0-5100-exec-1] INFO  o.a.c.c.C.[.[.[/] - Initializing Spring DispatcherServlet 'dispatcherServlet'
2025-08-08 05:30:12.520 [SpringApplicationShutdownHook] INFO  c.v.k.e.s.CouchbaseConnectionManager - 🔌 Couchbase cluster disconnected
2025-08-08 05:30:24.075 [main] INFO  c.v.k.i.TransactionIndexApplication - Starting TransactionIndexApplication v1.0.0 using Java 21.0.7 with PID 21504 (/workspace/vgs-application/transaction-index/target/transaction-index-pattern-1.0.0.jar started by ubuntu in /workspace)
2025-08-08 05:30:24.076 [main] INFO  c.v.k.i.TransactionIndexApplication - No active profile set, falling back to 1 default profile: "default"
2025-08-08 05:30:25.004 [main] INFO  o.a.c.c.StandardService - Starting service [Tomcat]
2025-08-08 05:30:25.005 [main] INFO  o.a.c.c.StandardEngine - Starting Servlet engine: [Apache Tomcat/10.1.20]
2025-08-08 05:30:25.022 [main] INFO  o.a.c.c.C.[.[.[/] - Initializing Spring embedded WebApplicationContext
2025-08-08 05:30:26.927 [cb-events] WARN  c.couchbase.config - [com.couchbase.config][CollectionMapRefreshFailedEvent][1504ms] Collection Map refresh (CollectionIdentifier{bucket='transaction_index', scope=_default, collection=game_rounds, isDefault=false}) failed: FAILED {"coreId":"0x1c31fcff00000001"}
com.couchbase.client.core.error.UnambiguousTimeoutException: GetCollectionIdRequest, Reason: TIMEOUT {"cancelled":true,"completed":true,"coreId":"0x1c31fcff00000001","idempotent":true,"reason":"TIMEOUT","requestId":1,"requestType":"GetCollectionIdRequest","retried":12,"retryReasons":["BUCKET_OPEN_IN_PROGRESS"],"service":{"bucket":"transaction_index","collection":"game_rounds","opaque":"0x0","scope":"_default","type":"kv","vbucket":0},"timeoutMs":1500}
2025-08-08 05:30:27.029 [cb-events] WARN  c.couchbase.config - [com.couchbase.config][CollectionMapRefreshFailedEvent][1502ms] Collection Map refresh (CollectionIdentifier{bucket='transaction_index', scope=_default, collection=game_transactions, isDefault=false}) failed: FAILED {"coreId":"0x1c31fcff00000001"}
com.couchbase.client.core.error.UnambiguousTimeoutException: GetCollectionIdRequest, Reason: TIMEOUT {"cancelled":true,"completed":true,"coreId":"0x1c31fcff00000001","idempotent":true,"reason":"TIMEOUT","requestId":5,"requestType":"GetCollectionIdRequest","retried":12,"retryReasons":["BUCKET_OPEN_IN_PROGRESS"],"service":{"bucket":"transaction_index","collection":"game_transactions","opaque":"0x4","scope":"_default","type":"kv","vbucket":0},"timeoutMs":1500}
2025-08-08 05:30:28.092 [main] INFO  c.v.k.i.s.CouchbaseConnectionManager - ✅ Optimized Couchbase cluster connection established for bucket: transaction_index
2025-08-08 05:30:29.032 [main] INFO  c.v.k.i.c.CouchbaseNativeCacheManager - Initialized Couchbase Native Cache Manager
2025-08-08 05:30:29.407 [main] INFO  c.v.k.i.TransactionIndexApplication - Started TransactionIndexApplication in 5.692 seconds (process running for 5.996)
2025-08-08 05:30:33.446 [http-nio-0.0.0.0-5300-exec-1] INFO  o.a.c.c.C.[.[.[/] - Initializing Spring DispatcherServlet 'dispatcherServlet'
2025-08-08 05:30:33.479 [http-nio-0.0.0.0-5300-exec-1] WARN  o.s.w.s.m.s.DefaultHandlerExceptionResolver - Resolved [org.springframework.http.converter.HttpMessageNotReadableException: JSON parse error: Unrecognized token 'roundId': was expecting (JSON String, Number, Array, Object or token 'null', 'true' or 'false')]
2025-08-08 05:30:33.589 [SpringApplicationShutdownHook] INFO  c.v.k.i.s.CouchbaseConnectionManager - 🔌 Couchbase cluster disconnected
2025-08-08 05:31:43.466 [main] INFO  c.v.k.i.TransactionIndexApplication - Starting TransactionIndexApplication v1.0.0 using Java 21.0.7 with PID 22584 (/workspace/vgs-application/transaction-index/target/transaction-index-pattern-1.0.0.jar started by ubuntu in /workspace)
2025-08-08 05:31:43.467 [main] INFO  c.v.k.i.TransactionIndexApplication - No active profile set, falling back to 1 default profile: "default"
2025-08-08 05:31:44.407 [main] INFO  o.a.c.c.StandardService - Starting service [Tomcat]
2025-08-08 05:31:44.408 [main] INFO  o.a.c.c.StandardEngine - Starting Servlet engine: [Apache Tomcat/10.1.20]
2025-08-08 05:31:44.426 [main] INFO  o.a.c.c.C.[.[.[/] - Initializing Spring embedded WebApplicationContext
2025-08-08 05:31:46.459 [cb-events] WARN  c.couchbase.config - [com.couchbase.config][CollectionMapRefreshFailedEvent][1503ms] Collection Map refresh (CollectionIdentifier{bucket='transaction_index', scope=_default, collection=game_rounds, isDefault=false}) failed: FAILED {"coreId":"0x65bb039000000001"}
com.couchbase.client.core.error.UnambiguousTimeoutException: GetCollectionIdRequest, Reason: TIMEOUT {"cancelled":true,"completed":true,"coreId":"0x65bb039000000001","idempotent":true,"reason":"TIMEOUT","requestId":1,"requestType":"GetCollectionIdRequest","retried":12,"retryReasons":["BUCKET_OPEN_IN_PROGRESS"],"service":{"bucket":"transaction_index","collection":"game_rounds","opaque":"0x0","scope":"_default","type":"kv","vbucket":0},"timeoutMs":1500}
2025-08-08 05:31:46.462 [cb-events] WARN  c.couchbase.config - [com.couchbase.config][CollectionMapRefreshFailedEvent][1501ms] Collection Map refresh (CollectionIdentifier{bucket='transaction_index', scope=_default, collection=game_transactions, isDefault=false}) failed: FAILED {"coreId":"0x65bb039000000001"}
com.couchbase.client.core.error.UnambiguousTimeoutException: GetCollectionIdRequest, Reason: TIMEOUT {"cancelled":true,"completed":true,"coreId":"0x65bb039000000001","idempotent":true,"reason":"TIMEOUT","requestId":5,"requestType":"GetCollectionIdRequest","retried":12,"retryReasons":["BUCKET_OPEN_IN_PROGRESS"],"service":{"bucket":"transaction_index","collection":"game_transactions","opaque":"0x4","scope":"_default","type":"kv","vbucket":0},"timeoutMs":1500}
2025-08-08 05:31:47.592 [main] INFO  c.v.k.i.s.CouchbaseConnectionManager - ✅ Optimized Couchbase cluster connection established for bucket: transaction_index
2025-08-08 05:31:48.530 [main] INFO  c.v.k.i.c.CouchbaseNativeCacheManager - Initialized Couchbase Native Cache Manager
2025-08-08 05:31:48.988 [main] INFO  c.v.k.i.TransactionIndexApplication - Started TransactionIndexApplication in 5.918 seconds (process running for 6.244)
2025-08-08 05:31:49.842 [http-nio-0.0.0.0-5300-exec-1] INFO  o.a.c.c.C.[.[.[/] - Initializing Spring DispatcherServlet 'dispatcherServlet'
2025-08-08 05:31:49.930 [http-nio-0.0.0.0-5300-exec-3] WARN  o.s.w.s.m.s.DefaultHandlerExceptionResolver - Resolved [org.springframework.http.converter.HttpMessageNotReadableException: JSON parse error: Unrecognized token 'roundId': was expecting (JSON String, Number, Array, Object or token 'null', 'true' or 'false')]
2025-08-08 05:31:50.035 [SpringApplicationShutdownHook] INFO  c.v.k.i.s.CouchbaseConnectionManager - 🔌 Couchbase cluster disconnected
2025-08-08 05:33:05.375 [main] INFO  c.v.k.i.TransactionIndexApplication - Starting TransactionIndexApplication v1.0.0 using Java 21.0.7 with PID 24105 (/workspace/vgs-application/transaction-index/target/transaction-index-pattern-1.0.0.jar started by ubuntu in /workspace)
2025-08-08 05:33:05.376 [main] INFO  c.v.k.i.TransactionIndexApplication - No active profile set, falling back to 1 default profile: "default"
2025-08-08 05:33:06.459 [main] INFO  o.a.c.c.StandardService - Starting service [Tomcat]
2025-08-08 05:33:06.459 [main] INFO  o.a.c.c.StandardEngine - Starting Servlet engine: [Apache Tomcat/10.1.20]
2025-08-08 05:33:06.477 [main] INFO  o.a.c.c.C.[.[.[/] - Initializing Spring embedded WebApplicationContext
2025-08-08 05:33:08.555 [cb-events] WARN  c.couchbase.config - [com.couchbase.config][CollectionMapRefreshFailedEvent][1506ms] Collection Map refresh (CollectionIdentifier{bucket='transaction_index', scope=_default, collection=game_rounds, isDefault=false}) failed: FAILED {"coreId":"0x752bd3ff00000001"}
com.couchbase.client.core.error.UnambiguousTimeoutException: GetCollectionIdRequest, Reason: TIMEOUT {"cancelled":true,"completed":true,"coreId":"0x752bd3ff00000001","idempotent":true,"reason":"TIMEOUT","requestId":1,"requestType":"GetCollectionIdRequest","retried":12,"retryReasons":["BUCKET_OPEN_IN_PROGRESS"],"service":{"bucket":"transaction_index","collection":"game_rounds","opaque":"0x0","scope":"_default","type":"kv","vbucket":0},"timeoutMs":1500}
2025-08-08 05:33:08.557 [cb-events] WARN  c.couchbase.config - [com.couchbase.config][CollectionMapRefreshFailedEvent][1501ms] Collection Map refresh (CollectionIdentifier{bucket='transaction_index', scope=_default, collection=game_transactions, isDefault=false}) failed: FAILED {"coreId":"0x752bd3ff00000001"}
com.couchbase.client.core.error.UnambiguousTimeoutException: GetCollectionIdRequest, Reason: TIMEOUT {"cancelled":true,"completed":true,"coreId":"0x752bd3ff00000001","idempotent":true,"reason":"TIMEOUT","requestId":2,"requestType":"GetCollectionIdRequest","retried":12,"retryReasons":["BUCKET_OPEN_IN_PROGRESS"],"service":{"bucket":"transaction_index","collection":"game_transactions","opaque":"0x1","scope":"_default","type":"kv","vbucket":0},"timeoutMs":1500}
2025-08-08 05:33:09.658 [main] INFO  c.v.k.i.s.CouchbaseConnectionManager - ✅ Optimized Couchbase cluster connection established for bucket: transaction_index
2025-08-08 05:33:10.600 [main] INFO  c.v.k.i.c.CouchbaseNativeCacheManager - Initialized Couchbase Native Cache Manager
2025-08-08 05:33:10.994 [main] INFO  c.v.k.i.TransactionIndexApplication - Started TransactionIndexApplication in 6.064 seconds (process running for 6.402)
2025-08-08 05:33:11.679 [http-nio-0.0.0.0-5300-exec-2] INFO  o.a.c.c.C.[.[.[/] - Initializing Spring DispatcherServlet 'dispatcherServlet'
2025-08-08 05:33:11.751 [http-nio-0.0.0.0-5300-exec-1] WARN  o.s.w.s.m.s.DefaultHandlerExceptionResolver - Resolved [org.springframework.http.converter.HttpMessageNotReadableException: JSON parse error: Unrecognized token 'roundId': was expecting (JSON String, Number, Array, Object or token 'null', 'true' or 'false')]
2025-08-08 05:33:12.438 [main] INFO  c.v.k.e.EmbeddedDocumentApplication - Starting EmbeddedDocumentApplication v1.0.0 using Java 21.0.7 with PID 24314 (/workspace/vgs-application/embedded-document/target/embedded-document-pattern-1.0.0.jar started by ubuntu in /workspace)
2025-08-08 05:33:12.440 [main] INFO  c.v.k.e.EmbeddedDocumentApplication - No active profile set, falling back to 1 default profile: "default"
2025-08-08 05:33:13.402 [main] INFO  o.a.c.c.StandardService - Starting service [Tomcat]
2025-08-08 05:33:13.402 [main] INFO  o.a.c.c.StandardEngine - Starting Servlet engine: [Apache Tomcat/10.1.20]
2025-08-08 05:33:13.419 [main] INFO  o.a.c.c.C.[.[.[/] - Initializing Spring embedded WebApplicationContext
2025-08-08 05:33:17.158 [main] INFO  c.v.k.e.s.CouchbaseConnectionManager - ✅ Optimized Couchbase cluster connection established for bucket: embedded_document
2025-08-08 05:33:17.208 [main] INFO  c.v.k.e.s.EmbeddedGameService - Initialized EmbeddedGameService with optimized connection management
2025-08-08 05:33:17.235 [main] INFO  c.v.k.e.c.CouchbaseNativeCacheManager - Initialized Couchbase Native Cache Manager
2025-08-08 05:33:17.758 [main] INFO  c.v.k.e.EmbeddedDocumentApplication - Started EmbeddedDocumentApplication in 5.672 seconds (process running for 5.988)
2025-08-08 05:33:17.880 [http-nio-0.0.0.0-5100-exec-1] INFO  o.a.c.c.C.[.[.[/] - Initializing Spring DispatcherServlet 'dispatcherServlet'
2025-08-08 05:35:26.540 [main] INFO  c.v.k.i.TransactionIndexApplication - Starting TransactionIndexApplication v1.0.0 using Java 21.0.7 with PID 25988 (/workspace/vgs-application/transaction-index/target/transaction-index-pattern-1.0.0.jar started by ubuntu in /workspace)
2025-08-08 05:35:26.541 [main] INFO  c.v.k.i.TransactionIndexApplication - No active profile set, falling back to 1 default profile: "default"
2025-08-08 05:35:26.804 [http-nio-0.0.0.0-5300-exec-5] INFO  c.v.k.i.c.CouchbaseNativeCacheManager - Creating cache: gameRounds
2025-08-08 05:35:26.807 [http-nio-0.0.0.0-5300-exec-5] INFO  c.v.k.i.c.CouchbaseNativeCache - Using 'cache' collection for cache: gameRounds
2025-08-08 05:35:28.004 [cb-events] WARN  com.couchbase.core - [com.couchbase.core][DnsSrvLookupFailedEvent][90ms] DNS SRV lookup failed (Shutdown in progress). This is expected if the there is no DNS SRV record associated with the hostname in the connection string. Will now try to bootstrap directly from the given hostname. To suppress this message, specify an IP address instead of a hostname (for example: 127.0.0.1 instead of localhost), specify more than one hostname, or set the `io.enableDnsSrv` client setting to false.
java.lang.IllegalStateException: Shutdown in progress
	at java.base/java.lang.ApplicationShutdownHooks.add(ApplicationShutdownHooks.java:67)
	at java.base/java.lang.Runtime.addShutdownHook(Runtime.java:250)
	at com.couchbase.client.core.deps.org.xbill.DNS.NioClient.selector(NioClient.java:63)
	at com.couchbase.client.core.deps.org.xbill.DNS.NioUdpClient.sendAndReceiveUdp(NioUdpClient.java:173)
	at com.couchbase.client.core.deps.org.xbill.DNS.DefaultIoClient.sendAndReceiveUdp(DefaultIoClient.java:44)
	at com.couchbase.client.core.deps.org.xbill.DNS.SimpleResolver.sendAsync(SimpleResolver.java:390)
	at com.couchbase.client.core.deps.org.xbill.DNS.SimpleResolver.sendAsync(SimpleResolver.java:351)
	at com.couchbase.client.core.deps.org.xbill.DNS.ExtendedResolver$Resolution.send(ExtendedResolver.java:81)
	at com.couchbase.client.core.deps.org.xbill.DNS.ExtendedResolver$Resolution.startAsync(ExtendedResolver.java:86)
	at com.couchbase.client.core.deps.org.xbill.DNS.ExtendedResolver$Resolution.access$800(ExtendedResolver.java:34)
	at com.couchbase.client.core.deps.org.xbill.DNS.ExtendedResolver.sendAsync(ExtendedResolver.java:310)
	at com.couchbase.client.core.deps.org.xbill.DNS.lookup.LookupSession.lookupWithResolver(LookupSession.java:531)
	at com.couchbase.client.core.deps.org.xbill.DNS.lookup.LookupSession.lambda$lookupWithCache$6(LookupSession.java:519)
	at java.base/java.util.Optional.orElseGet(Optional.java:364)
	at com.couchbase.client.core.deps.org.xbill.DNS.lookup.LookupSession.lookupWithCache(LookupSession.java:519)
	at com.couchbase.client.core.deps.org.xbill.DNS.lookup.LookupSession.lookupUntilSuccess(LookupSession.java:486)
	at com.couchbase.client.core.deps.org.xbill.DNS.lookup.LookupSession.lookupAsync(LookupSession.java:422)
	at com.couchbase.client.core.deps.org.xbill.DNS.lookup.LookupSession.lookupAsync(LookupSession.java:404)
	at com.couchbase.client.core.util.DnsSrvResolver.lambda$resolve$5(DnsSrvResolver.java:76)
	at reactor.core.publisher.MonoDefer.subscribe(MonoDefer.java:45)
	at reactor.core.publisher.Mono.subscribe(Mono.java:4568)
	at reactor.core.publisher.Mono.blockOptional(Mono.java:1830)
	at com.couchbase.client.core.util.DnsSrv.fromDnsSrv(DnsSrv.java:67)
	at com.couchbase.client.core.util.ConnectionStringUtil.fromDnsSrvOrThrowIfTlsRequired(ConnectionStringUtil.java:274)
	at com.couchbase.client.core.util.ConnectionStringUtil.seedNodesFromConnectionString(ConnectionStringUtil.java:86)
	at com.couchbase.client.core.config.DefaultConfigurationProvider.lambda$launchSeedNodeResolver$0(DefaultConfigurationProvider.java:228)
	at reactor.core.publisher.MonoRunnable.call(MonoRunnable.java:73)
	at reactor.core.publisher.MonoRunnable.call(MonoRunnable.java:32)
	at reactor.core.publisher.FluxSubscribeOnCallable$CallableSubscribeOnSubscription.run(FluxSubscribeOnCallable.java:228)
	at reactor.core.scheduler.SchedulerTask.call(SchedulerTask.java:68)
	at reactor.core.scheduler.SchedulerTask.call(SchedulerTask.java:28)
	at java.base/java.util.concurrent.FutureTask.run(FutureTask.java:317)
	at java.base/java.util.concurrent.ScheduledThreadPoolExecutor$ScheduledFutureTask.run(ScheduledThreadPoolExecutor.java:304)
	at java.base/java.util.concurrent.ThreadPoolExecutor.runWorker(ThreadPoolExecutor.java:1144)
	at java.base/java.util.concurrent.ThreadPoolExecutor$Worker.run(ThreadPoolExecutor.java:642)
	at java.base/java.lang.Thread.run(Thread.java:1583)
	Suppressed: java.lang.Exception: #block terminated with an error
		at reactor.core.publisher.BlockingOptionalMonoSubscriber.blockingGet(BlockingOptionalMonoSubscriber.java:129)
		at reactor.core.publisher.Mono.blockOptional(Mono.java:1831)
		... 14 common frames omitted
2025-08-08 05:35:28.539 [SpringApplicationShutdownHook] INFO  c.v.k.i.s.CouchbaseConnectionManager - 🔌 Couchbase cluster disconnected
2025-08-08 05:35:29.622 [cb-events] WARN  c.couchbase.config - [com.couchbase.config][CollectionMapRefreshFailedEvent][1507ms] Collection Map refresh (CollectionIdentifier{bucket='transaction_index', scope=_default, collection=game_rounds, isDefault=false}) failed: FAILED {"coreId":"0xdc5323100000001"}
com.couchbase.client.core.error.UnambiguousTimeoutException: GetCollectionIdRequest, Reason: TIMEOUT {"cancelled":true,"completed":true,"coreId":"0xdc5323100000001","idempotent":true,"reason":"TIMEOUT","requestId":2,"requestType":"GetCollectionIdRequest","retried":12,"retryReasons":["BUCKET_OPEN_IN_PROGRESS"],"service":{"bucket":"transaction_index","collection":"game_rounds","opaque":"0x1","scope":"_default","type":"kv","vbucket":0},"timeoutMs":1500}
2025-08-08 05:35:29.622 [cb-events] WARN  c.couchbase.config - [com.couchbase.config][CollectionMapRefreshFailedEvent][1507ms] Collection Map refresh (CollectionIdentifier{bucket='transaction_index', scope=_default, collection=game_transactions, isDefault=false}) failed: FAILED {"coreId":"0xdc5323100000001"}
com.couchbase.client.core.error.UnambiguousTimeoutException: GetCollectionIdRequest, Reason: TIMEOUT {"cancelled":true,"completed":true,"coreId":"0xdc5323100000001","idempotent":true,"reason":"TIMEOUT","requestId":3,"requestType":"GetCollectionIdRequest","retried":12,"retryReasons":["BUCKET_OPEN_IN_PROGRESS"],"service":{"bucket":"transaction_index","collection":"game_transactions","opaque":"0x2","scope":"_default","type":"kv","vbucket":0},"timeoutMs":1500}
2025-08-08 05:35:30.124 [cb-events] WARN  com.couchbase.core - [com.couchbase.core][InitGlobalConfigFailedEvent][2050ms] Initializing the global config failed: UNKNOWN {"coreId":"0xdc5323100000001"}
com.couchbase.client.core.error.ConfigException: Could not locate a single global configuration
	at com.couchbase.client.core.config.DefaultConfigurationProvider.lambda$loadAndRefreshGlobalConfig$9(DefaultConfigurationProvider.java:382)
	at reactor.core.publisher.MonoFlatMap$FlatMapMain.onNext(MonoFlatMap.java:132)
	at reactor.core.publisher.FluxSwitchIfEmpty$SwitchIfEmptySubscriber.onNext(FluxSwitchIfEmpty.java:74)
	at reactor.core.publisher.MonoNext$NextSubscriber.onNext(MonoNext.java:82)
	at reactor.core.publisher.FluxReplay$SizeBoundReplayBuffer.replayNormal(FluxReplay.java:877)
	at reactor.core.publisher.FluxReplay$SizeBoundReplayBuffer.replay(FluxReplay.java:965)
	at reactor.core.publisher.SinkManyReplayProcessor.tryEmitNext(SinkManyReplayProcessor.java:477)
	at reactor.core.publisher.SinkManySerialized.tryEmitNext(SinkManySerialized.java:100)
	at com.couchbase.client.core.config.DefaultConfigurationProvider.setSeedNodes(DefaultConfigurationProvider.java:1053)
	at com.couchbase.client.core.config.DefaultConfigurationProvider.lambda$launchSeedNodeResolver$0(DefaultConfigurationProvider.java:235)
	at reactor.core.publisher.MonoRunnable.call(MonoRunnable.java:73)
	at reactor.core.publisher.MonoRunnable.call(MonoRunnable.java:32)
	at reactor.core.publisher.FluxSubscribeOnCallable$CallableSubscribeOnSubscription.run(FluxSubscribeOnCallable.java:228)
	at reactor.core.scheduler.SchedulerTask.call(SchedulerTask.java:68)
	at reactor.core.scheduler.SchedulerTask.call(SchedulerTask.java:28)
	at java.base/java.util.concurrent.FutureTask.run(FutureTask.java:317)
	at java.base/java.util.concurrent.ScheduledThreadPoolExecutor$ScheduledFutureTask.run(ScheduledThreadPoolExecutor.java:304)
	at java.base/java.util.concurrent.ThreadPoolExecutor.runWorker(ThreadPoolExecutor.java:1144)
	at java.base/java.util.concurrent.ThreadPoolExecutor$Worker.run(ThreadPoolExecutor.java:642)
	at java.base/java.lang.Thread.run(Thread.java:1583)
2025-08-08 05:35:31.204 [main] INFO  c.v.k.i.s.CouchbaseConnectionManager - ✅ Optimized Couchbase cluster connection established for bucket: transaction_index
2025-08-08 05:35:32.162 [main] INFO  c.v.k.i.c.CouchbaseNativeCacheManager - Initialized Couchbase Native Cache Manager
2025-08-08 05:35:32.589 [main] INFO  c.v.k.i.TransactionIndexApplication - Started TransactionIndexApplication in 6.453 seconds (process running for 6.759)
2025-08-08 05:35:32.681 [SpringApplicationShutdownHook] INFO  c.v.k.i.s.CouchbaseConnectionManager - 🔌 Couchbase cluster disconnected
